<?xml version="1.0" encoding="UTF-8"?>
<!-- Generated by org.testng.reporters.JUnitXMLReporter -->
<testsuite ignored="3" hostname="hoyupops-MacBook-Pro.local" failures="0" tests="1" name="Default test" time="5.873" errors="0" timestamp="2025-07-29T18:04:10 IST">
  <testcase classname="tests.LoginTest" name="InvalidLoginTest" time="1.156"/>
  <testcase classname="tests.LoginTest" name="validLoginTest" time="0.0">
    <ignored/>
  </testcase> <!-- validLoginTest -->
  <testcase classname="tests.LoginTest" name="invalidPasswordTest" time="0.0">
    <ignored/>
  </testcase> <!-- invalidPasswordTest -->
  <testcase classname="tests.LoginTest" name="blankCredentialsTest" time="0.0">
    <ignored/>
  </testcase> <!-- blankCredentialsTest -->
</testsuite> <!-- Default test -->
