<?xml version="1.0" encoding="UTF-8"?>
<!-- Generated by org.testng.reporters.JUnitXMLReporter -->
<testsuite ignored="0" hostname="hoyupops-MacBook-Pro.local" failures="0" tests="3" name="API Tests" time="2.947" errors="0" timestamp="2025-08-01T12:28:56 IST">
  <testcase classname="api.tests.TransferFundsTest" name="transferShouldReturnSuccess" time="1.216"/>
  <testcase classname="api.tests.LoginTest" name="loginShouldReturnSuccess" time="0.816"/>
  <testcase classname="api.tests.AccountsTest" name="getAccountsShouldReturnList" time="0.768"/>
</testsuite> <!-- API Tests -->
