<?xml version="1.0" encoding="UTF-8"?>
<testng-results ignored="0" total="1" passed="1" failed="0" skipped="0">
  <reporter-output>
  </reporter-output>
  <suite started-at="2025-08-01T12:13:12 IST" name="Default suite" finished-at="2025-08-01T12:13:13 IST" duration-ms="1445">
    <groups>
    </groups>
    <test started-at="2025-08-01T12:13:12 IST" name="Default test" finished-at="2025-08-01T12:13:13 IST" duration-ms="1445">
      <class name="api.tests.AccountsTest">
        <test-method is-config="true" signature="setup()[pri:0, instance:api.tests.AccountsTest@48f2bd5b]" started-at="2025-08-01T12:13:12 IST" name="setup" finished-at="2025-08-01T12:13:12 IST" duration-ms="174" status="PASS">
          <reporter-output>
          </reporter-output>
        </test-method> <!-- setup -->
        <test-method signature="getAccountsShouldReturnList()[pri:0, instance:api.tests.AccountsTest@48f2bd5b]" started-at="2025-08-01T12:13:12 IST" name="getAccountsShouldReturnList" finished-at="2025-08-01T12:13:13 IST" duration-ms="1257" status="PASS">
          <reporter-output>
          </reporter-output>
        </test-method> <!-- getAccountsShouldReturnList -->
      </class> <!-- api.tests.AccountsTest -->
    </test> <!-- Default test -->
  </suite> <!-- Default suite -->
</testng-results>
